{"/Users/zhouyang/Documents/projects/play-jest/tests/unit/helper/jestDocs.js": {"path":"/Users/zhouyang/Documents/projects/play-jest/tests/unit/helper/jestDocs.js","statementMap":{"0":{"start":{"line":2,"column":2},"end":{"line":2,"column":15}},"1":{"start":{"line":5,"column":0},"end":{"line":5,"column":21}}},"fnMap":{"0":{"name":"sum","decl":{"start":{"line":1,"column":9},"end":{"line":1,"column":12}},"loc":{"start":{"line":1,"column":19},"end":{"line":3,"column":1}},"line":1}},"branchMap":{},"s":{"0":1,"1":1},"f":{"0":1},"b":{},"_coverageSchema":"332fd63041d2c1bcb487cc26dd0d5f7d97098a6c","hash":"ba2e7d8c1dadf54f84c3b6f93d666d759f3f08be"}
}
